#
# A fatal error has been detected by the Java Runtime Environment:
#
#  SIGSEGV (0xb) at pc=0x000000010e8d9290, pid=11175, tid=0x000000000000662b
#
# JRE version: OpenJDK Runtime Environment (8.0_152-b01) (build 1.8.0_152-release-1024-b01)
# Java VM: OpenJDK 64-Bit Server VM (25.152-b01 mixed mode bsd-amd64 compressed oops)
# Problematic frame:
# V  [libjvm.dylib+0x4d9290]  SymbolTable::lookup(int, char const*, int, unsigned int)+0x30
#
# Failed to write core dump. Core dumps have been disabled. To enable core dumping, try "ulimit -c unlimited" before starting Java again
#
# If you would like to submit a bug report, please visit:
#   http://bugreport.java.com/bugreport/crash.jsp
#

---------------  T H R E A D  ---------------

Current thread (0x00007fdc2509d800):  JavaThread "Task worker for ':'" [_thread_in_vm, id=26155, stack(0x00007000068e8000,0x00007000069e8000)]

siginfo: si_signo: 11 (SIGSEGV), si_code: 1 (SEGV_MAPERR), si_addr: 0x00007fdc000aa700

Registers:
RAX=0x0000000000000e7e, RBX=0x0000000000000002, RCX=0x000000010db92000, RDX=0x00007fdc275d5cf9
RSP=0x00007000069e4b60, RBP=0x00007000069e4ba0, RSI=0x0000000000000e7e, RDI=0x00007fdc207086d0
R8 =0x000000006051c6a4, R9 =0x0000000000000004, R10=0x00000000fff80000, R11=0x00007fdc27500000
R12=0x00007fdc000aa700, R13=0x00007fdc275d5cf9, R14=0x00007fdc2509d800, R15=0x000000006051c6a4
RIP=0x000000010e8d9290, EFLAGS=0x0000000000010206, ERR=0x0000000000000004
  TRAPNO=0x000000000000000e

Top of Stack: (sp=0x00007000069e4b60)
0x00007000069e4b60:   00007fdc2509d800 00007fdc207086d0
0x00007000069e4b70:   00000011069e4ba0 0000000000000011
0x00007000069e4b80:   0000000000000008 00007fdc275d5cf9
0x00007000069e4b90:   00007fdc2509d800 0000000000000011
0x00007000069e4ba0:   00007000069e4cf0 000000010e568d23
0x00007000069e4bb0:   00007000069e5330 0000000000000007
0x00007000069e4bc0:   00007000069e4be0 00007fff54baa4c7
0x00007000069e4bd0:   0000000000000000 000000010ebdeffc
0x00007000069e4be0:   6051c6a4069e4c20 000000000000002b
0x00007000069e4bf0:   00007fdc275d5c50 00007fdc275d5f77
0x00007000069e4c00:   00007fdc275d5d0a 000000010e9908a2
0x00007000069e4c10:   00007fdc2509d801 00007000069e5168
0x00007000069e4c20:   00007000069e4c40 000000010e58f69a
0x00007000069e4c30:   000000010ebdeffc 0000000000000078
0x00007000069e4c40:   00007000069e4c90 000000010e589ace
0x00007000069e4c50:   00007000069e4c80 0000000000000000
0x00007000069e4c60:   00007000069e4c90 00007fff54a52366
0x00007000069e4c70:   00007fdc275d5ae8 000000010e8149ae
0x00007000069e4c80:   00007fdc275d5ab0 0000000000000000
0x00007000069e4c90:   00007000069e4cc0 000000010e5c6c57
0x00007000069e4ca0:   0000000000000000 00007fdc2509d800
0x00007000069e4cb0:   000000012b068c28 000000012b068c60
0x00007000069e4cc0:   b519fb9a383f0084 00007000069e5168
0x00007000069e4cd0:   00007000069e5020 00007000069e5330
0x00007000069e4ce0:   00007fdc2509d800 000000000000002b
0x00007000069e4cf0:   00007000069e4e80 000000010e569401
0x00007000069e4d00:   0000000000000000 000000000000000d
0x00007000069e4d10:   00007fdc2509d800 000000012b068c60
0x00007000069e4d20:   00007000069e4e80 000000000000002b
0x00007000069e4d30:   000000011562d868 00007fdc2509d800
0x00007000069e4d40:   000000012b068c60 00007fdc205d9be0
0x00007000069e4d50:   00007fdc205d9c08 00007fdc205d9cc8 

Instructions: (pc=0x000000010e8d9290)
0x000000010e8d9270:   18 45 89 c7 89 4d d4 49 89 d5 48 63 c6 48 8b 4f
0x000000010e8d9280:   08 4c 8b 24 c1 31 db 4d 85 e4 74 51 48 89 7d c8
0x000000010e8d9290:   45 39 3c 24 75 17 4d 8b 74 24 10 4c 89 f7 4c 89
0x000000010e8d92a0:   ee 8b 55 d4 e8 5b f6 ff ff 84 c0 75 35 ff c3 4d 

Register to memory mapping:

RAX=0x0000000000000e7e is an unknown value
RBX=0x0000000000000002 is an unknown value
RCX=0x000000010db92000 is an unknown value
RDX=0x00007fdc275d5cf9 is an unknown value
RSP=0x00007000069e4b60 is pointing into the stack for thread: 0x00007fdc2509d800
RBP=0x00007000069e4ba0 is pointing into the stack for thread: 0x00007fdc2509d800
RSI=0x0000000000000e7e is an unknown value
RDI=0x00007fdc207086d0 is an unknown value
R8 =0x000000006051c6a4 is an unknown value
R9 =0x0000000000000004 is an unknown value
R10=0x00000000fff80000 is an unknown value
R11=0x00007fdc27500000 is an unknown value
R12=0x00007fdc000aa700 is an unknown value
R13=0x00007fdc275d5cf9 is an unknown value
R14=0x00007fdc2509d800 is a thread
R15=0x000000006051c6a4 is an unknown value


Stack: [0x00007000068e8000,0x00007000069e8000],  sp=0x00007000069e4b60,  free space=1010k
Native frames: (J=compiled Java code, j=interpreted, Vv=VM code, C=native code)
V  [libjvm.dylib+0x4d9290]  SymbolTable::lookup(int, char const*, int, unsigned int)+0x30
V  [libjvm.dylib+0x168d23]  ClassFileParser::parse_constant_pool_entries(int, Thread*)+0x99f
V  [libjvm.dylib+0x169401]  ClassFileParser::parse_constant_pool(Thread*)+0x11b
V  [libjvm.dylib+0x172bc1]  ClassFileParser::parseClassFile(Symbol*, ClassLoaderData*, Handle, KlassHandle, GrowableArray<Handle>*, TempNewSymbol&, bool, Thread*)+0x531
V  [libjvm.dylib+0x4dec9c]  SystemDictionary::resolve_from_stream(Symbol*, Handle, Handle, ClassFileStream*, bool, Thread*)+0x14a
V  [libjvm.dylib+0x2fca62]  jvm_define_class_common(JNIEnv_*, char const*, _jobject*, signed char const*, int, _jobject*, char const*, unsigned char, Thread*)+0x225
V  [libjvm.dylib+0x2fc813]  JVM_DefineClass+0x8c
V  [libjvm.dylib+0x520353]  Unsafe_DefineClass_impl(JNIEnv_*, _jstring*, _jbyteArray*, int, int, _jobject*, _jobject*)+0x492
V  [libjvm.dylib+0x51fe93]  Unsafe_DefineClass+0x97
J 5543  sun.misc.Unsafe.defineClass(Ljava/lang/String;[BIILjava/lang/ClassLoader;Ljava/security/ProtectionDomain;)Ljava/lang/Class; (0 bytes) @ 0x000000011a0f360b [0x000000011a0f3500+0x10b]
J 19393 C1 sun.reflect.MethodAccessorGenerator$1.run()Lsun/reflect/MagicAccessorImpl; (41 bytes) @ 0x000000011be8ad14 [0x000000011be8a180+0xb94]
J 18822 C1 sun.reflect.MethodAccessorGenerator$1.run()Ljava/lang/Object; (5 bytes) @ 0x000000011bca210c [0x000000011bca2080+0x8c]
v  ~StubRoutines::call_stub
V  [libjvm.dylib+0x2c062b]  JavaCalls::call_helper(JavaValue*, methodHandle*, JavaCallArguments*, Thread*)+0x597
V  [libjvm.dylib+0x2fdb36]  JVM_DoPrivileged+0x558
J 943  java.security.AccessController.doPrivileged(Ljava/security/PrivilegedAction;)Ljava/lang/Object; (0 bytes) @ 0x000000011942fabf [0x000000011942fa00+0xbf]
J 15548 C1 sun.reflect.MethodAccessorGenerator.generate(Ljava/lang/Class;Ljava/lang/String;[Ljava/lang/Class;Ljava/lang/Class;[Ljava/lang/Class;IZZLjava/lang/Class;)Lsun/reflect/MagicAccessorImpl; (762 bytes) @ 0x000000011b4d6bd4 [0x000000011b4d16a0+0x5534]
J 22580 C1 sun.reflect.MethodAccessorGenerator.generateMethod(Ljava/lang/Class;Ljava/lang/String;[Ljava/lang/Class;Ljava/lang/Class;[Ljava/lang/Class;I)Lsun/reflect/MethodAccessor; (20 bytes) @ 0x000000011bf28ffc [0x000000011bf28f80+0x7c]
J 16104 C2 sun.reflect.NativeMethodAccessorImpl.invoke(Ljava/lang/Object;[Ljava/lang/Object;)Ljava/lang/Object; (104 bytes) @ 0x000000011b613f58 [0x000000011b613bc0+0x398]
J 25051 C2 org.gradle.util.SingleMessageLogger.whileDisabled(Lorg/gradle/internal/Factory;)Ljava/lang/Object; (42 bytes) @ 0x000000011ccc4614 [0x000000011ccc43e0+0x234]
J 25571 C2 org.gradle.api.internal.project.taskfactory.TaskPropertyInfo.getValue(Ljava/lang/Object;)Lorg/gradle/api/internal/project/taskfactory/TaskPropertyInfo$PropertyValue; (64 bytes) @ 0x000000011a8ebbb0 [0x000000011a8ebb00+0xb0]
J 16086 C1 org.gradle.api.internal.tasks.TaskPropertyValue.call()Ljava/lang/Object; (17 bytes) @ 0x000000011b609a4c [0x000000011b6099c0+0x8c]
J 15271 C1 org.gradle.api.internal.tasks.DefaultTaskInputs$SimplePropertyValue.resolveValue()Ljava/lang/Object; (10 bytes) @ 0x000000011978f34c [0x000000011978f240+0x10c]
j  org.gradle.api.internal.tasks.DefaultTaskInputs.getProperties()Ljava/util/Map;+50
j  org.gradle.api.internal.changedetection.state.CacheBackedTaskHistoryRepository.snapshotTaskInputProperties(Lorg/gradle/api/internal/TaskInternal;Lcom/google/common/collect/ImmutableSortedMap;Lorg/gradle/api/internal/changedetection/state/ValueSnapshotter;)Lcom/google/common/collect/ImmutableSortedMap;+10
j  org.gradle.api.internal.changedetection.state.CacheBackedTaskHistoryRepository.createExecution(Lorg/gradle/api/internal/TaskInternal;Lorg/gradle/api/internal/changedetection/state/HistoricalTaskExecution;Lorg/gradle/normalization/internal/InputNormalizationStrategy;)Lorg/gradle/api/internal/changedetection/state/CurrentTaskExecution;+113
J 24875 C1 org.gradle.api.internal.changedetection.changes.DefaultTaskArtifactStateRepository$TaskArtifactStateImpl.getStates()Lorg/gradle/api/internal/changedetection/rules/TaskUpToDateState; (49 bytes) @ 0x000000011cbcba9c [0x000000011cbcb420+0x67c]
j  org.gradle.api.internal.changedetection.changes.DefaultTaskArtifactStateRepository$TaskArtifactStateImpl.isUpToDate(Ljava/util/Collection;)Z+6
j  org.gradle.api.internal.tasks.execution.SkipUpToDateTaskExecuter.execute(Lorg/gradle/api/internal/TaskInternal;Lorg/gradle/api/internal/tasks/TaskStateInternal;Lorg/gradle/api/internal/tasks/TaskExecutionContext;)V+38
j  org.gradle.api.internal.tasks.execution.ResolveTaskOutputCachingStateExecuter.execute(Lorg/gradle/api/internal/TaskInternal;Lorg/gradle/api/internal/tasks/TaskStateInternal;Lorg/gradle/api/internal/tasks/TaskExecutionContext;)V+96
J 25623 C1 org.gradle.api.internal.tasks.execution.ValidatingTaskExecuter.execute(Lorg/gradle/api/internal/TaskInternal;Lorg/gradle/api/internal/tasks/TaskStateInternal;Lorg/gradle/api/internal/tasks/TaskExecutionContext;)V (138 bytes) @ 0x000000011a970d54 [0x000000011a96fac0+0x1294]
j  org.gradle.api.internal.tasks.execution.SkipEmptySourceFilesTaskExecuter.execute(Lorg/gradle/api/internal/TaskInternal;Lorg/gradle/api/internal/tasks/TaskStateInternal;Lorg/gradle/api/internal/tasks/TaskExecutionContext;)V+349
J 25591 C1 org.gradle.api.internal.tasks.execution.CleanupStaleOutputsExecuter.execute(Lorg/gradle/api/internal/TaskInternal;Lorg/gradle/api/internal/tasks/TaskStateInternal;Lorg/gradle/api/internal/tasks/TaskExecutionContext;)V (181 bytes) @ 0x0000000119d1051c [0x0000000119d0eac0+0x1a5c]
J 25589 C1 org.gradle.api.internal.tasks.execution.ResolveTaskArtifactStateTaskExecuter.execute(Lorg/gradle/api/internal/TaskInternal;Lorg/gradle/api/internal/tasks/TaskStateInternal;Lorg/gradle/api/internal/tasks/TaskExecutionContext;)V (136 bytes) @ 0x000000011c623904 [0x000000011c6226c0+0x1244]
j  org.gradle.api.internal.tasks.execution.SkipTaskWithNoActionsExecuter.execute(Lorg/gradle/api/internal/TaskInternal;Lorg/gradle/api/internal/tasks/TaskStateInternal;Lorg/gradle/api/internal/tasks/TaskExecutionContext;)V+124
j  org.gradle.api.internal.tasks.execution.SkipOnlyIfTaskExecuter.execute(Lorg/gradle/api/internal/TaskInternal;Lorg/gradle/api/internal/tasks/TaskStateInternal;Lorg/gradle/api/internal/tasks/TaskExecutionContext;)V+85
j  org.gradle.api.internal.tasks.execution.ExecuteAtMostOnceTaskExecuter.execute(Lorg/gradle/api/internal/TaskInternal;Lorg/gradle/api/internal/tasks/TaskStateInternal;Lorg/gradle/api/internal/tasks/TaskExecutionContext;)V+26
j  org.gradle.api.internal.tasks.execution.CatchExceptionTaskExecuter.execute(Lorg/gradle/api/internal/TaskInternal;Lorg/gradle/api/internal/tasks/TaskStateInternal;Lorg/gradle/api/internal/tasks/TaskExecutionContext;)V+7
j  org.gradle.execution.taskgraph.DefaultTaskGraphExecuter$EventFiringTaskWorker$1.run(Lorg/gradle/internal/operations/BuildOperationContext;)V+56
J 22380 C2 org.gradle.internal.progress.DefaultBuildOperationExecutor.execute(Lorg/gradle/internal/operations/BuildOperation;Lorg/gradle/internal/operations/BuildOperationWorker;Lorg/gradle/internal/progress/DefaultBuildOperationExecutor$DefaultBuildOperationState;)V (394 bytes) @ 0x000000011c63e5bc [0x000000011c63db40+0xa7c]
J 15152 C1 org.gradle.internal.progress.DefaultBuildOperationExecutor.run(Lorg/gradle/internal/operations/RunnableBuildOperation;)V (38 bytes) @ 0x000000011a2cb7dc [0x000000011a2cb4a0+0x33c]
j  org.gradle.execution.taskgraph.DefaultTaskGraphExecuter$EventFiringTaskWorker.execute(Lorg/gradle/api/internal/TaskInternal;)V+16
j  org.gradle.execution.taskgraph.DefaultTaskGraphExecuter$EventFiringTaskWorker.execute(Ljava/lang/Object;)V+5
j  org.gradle.execution.taskgraph.DefaultTaskPlanExecutor$TaskExecutorWorker.processTask(Lorg/gradle/execution/taskgraph/TaskInfo;)V+8
j  org.gradle.execution.taskgraph.DefaultTaskPlanExecutor$TaskExecutorWorker.access$200(Lorg/gradle/execution/taskgraph/DefaultTaskPlanExecutor$TaskExecutorWorker;Lorg/gradle/execution/taskgraph/TaskInfo;)V+2
j  org.gradle.execution.taskgraph.DefaultTaskPlanExecutor$TaskExecutorWorker$1.execute(Lorg/gradle/execution/taskgraph/TaskInfo;)V+38
j  org.gradle.execution.taskgraph.DefaultTaskPlanExecutor$TaskExecutorWorker$1.execute(Ljava/lang/Object;)V+5
j  org.gradle.execution.taskgraph.DefaultTaskExecutionPlan.execute(Lorg/gradle/execution/taskgraph/TaskInfo;Lorg/gradle/internal/work/WorkerLeaseRegistry$WorkerLease;Lorg/gradle/api/Action;)V+14
J 22607 C1 org.gradle.execution.taskgraph.DefaultTaskExecutionPlan.executeWithTask(Lorg/gradle/internal/work/WorkerLeaseRegistry$WorkerLease;Lorg/gradle/api/Action;)Z (62 bytes) @ 0x000000011b2a2694 [0x000000011b2a2120+0x574]
j  org.gradle.execution.taskgraph.DefaultTaskPlanExecutor$TaskExecutorWorker.run()V+52
J 15215 C2 org.gradle.internal.concurrent.ExecutorPolicy$CatchAndRecordFailures.onExecute(Ljava/lang/Runnable;)V (29 bytes) @ 0x000000011a5ac108 [0x000000011a5abd20+0x3e8]
J 15506 C2 org.gradle.internal.concurrent.ManagedExecutorImpl$1.run()V (57 bytes) @ 0x000000011b47c520 [0x000000011b47c3e0+0x140]
J 17440 C1 java.util.concurrent.ThreadPoolExecutor.runWorker(Ljava/util/concurrent/ThreadPoolExecutor$Worker;)V (225 bytes) @ 0x000000011b8d3514 [0x000000011b8d24e0+0x1034]
J 22863 C1 java.util.concurrent.ThreadPoolExecutor$Worker.run()V (9 bytes) @ 0x000000011c703504 [0x000000011c703400+0x104]
j  org.gradle.internal.concurrent.ThreadFactoryImpl$ManagedThreadRunnable.run()V+7
J 22450 C1 java.lang.Thread.run()V (17 bytes) @ 0x000000011b325084 [0x000000011b324f40+0x144]
v  ~StubRoutines::call_stub
V  [libjvm.dylib+0x2c062b]  JavaCalls::call_helper(JavaValue*, methodHandle*, JavaCallArguments*, Thread*)+0x597
V  [libjvm.dylib+0x2bf754]  JavaCalls::call_virtual(JavaValue*, KlassHandle, Symbol*, Symbol*, JavaCallArguments*, Thread*)+0x13e
V  [libjvm.dylib+0x2bf893]  JavaCalls::call_virtual(JavaValue*, Handle, KlassHandle, Symbol*, Symbol*, Thread*)+0x57
V  [libjvm.dylib+0x30410a]  thread_entry(JavaThread*, Thread*)+0x78
V  [libjvm.dylib+0x505e88]  JavaThread::thread_main_inner()+0x82
V  [libjvm.dylib+0x505d4d]  JavaThread::run()+0x199
V  [libjvm.dylib+0x435709]  java_start(Thread*)+0xfa
C  [libsystem_pthread.dylib+0x3661]  _pthread_body+0x154
C  [libsystem_pthread.dylib+0x350d]  _pthread_body+0x0
C  [libsystem_pthread.dylib+0x2bf9]  thread_start+0xd
C  0x0000000000000000

Java frames: (J=compiled Java code, j=interpreted, Vv=VM code)
J 5543  sun.misc.Unsafe.defineClass(Ljava/lang/String;[BIILjava/lang/ClassLoader;Ljava/security/ProtectionDomain;)Ljava/lang/Class; (0 bytes) @ 0x000000011a0f3591 [0x000000011a0f3500+0x91]
J 19393 C1 sun.reflect.MethodAccessorGenerator$1.run()Lsun/reflect/MagicAccessorImpl; (41 bytes) @ 0x000000011be8ad14 [0x000000011be8a180+0xb94]
J 18822 C1 sun.reflect.MethodAccessorGenerator$1.run()Ljava/lang/Object; (5 bytes) @ 0x000000011bca210c [0x000000011bca2080+0x8c]
v  ~StubRoutines::call_stub
J 943  java.security.AccessController.doPrivileged(Ljava/security/PrivilegedAction;)Ljava/lang/Object; (0 bytes) @ 0x000000011942fa4f [0x000000011942fa00+0x4f]
J 15548 C1 sun.reflect.MethodAccessorGenerator.generate(Ljava/lang/Class;Ljava/lang/String;[Ljava/lang/Class;Ljava/lang/Class;[Ljava/lang/Class;IZZLjava/lang/Class;)Lsun/reflect/MagicAccessorImpl; (762 bytes) @ 0x000000011b4d6bd4 [0x000000011b4d16a0+0x5534]
J 22580 C1 sun.reflect.MethodAccessorGenerator.generateMethod(Ljava/lang/Class;Ljava/lang/String;[Ljava/lang/Class;Ljava/lang/Class;[Ljava/lang/Class;I)Lsun/reflect/MethodAccessor; (20 bytes) @ 0x000000011bf28ffc [0x000000011bf28f80+0x7c]
J 16104 C2 sun.reflect.NativeMethodAccessorImpl.invoke(Ljava/lang/Object;[Ljava/lang/Object;)Ljava/lang/Object; (104 bytes) @ 0x000000011b613f58 [0x000000011b613bc0+0x398]
J 25051 C2 org.gradle.util.SingleMessageLogger.whileDisabled(Lorg/gradle/internal/Factory;)Ljava/lang/Object; (42 bytes) @ 0x000000011ccc4614 [0x000000011ccc43e0+0x234]
J 25571 C2 org.gradle.api.internal.project.taskfactory.TaskPropertyInfo.getValue(Ljava/lang/Object;)Lorg/gradle/api/internal/project/taskfactory/TaskPropertyInfo$PropertyValue; (64 bytes) @ 0x000000011a8ebbb0 [0x000000011a8ebb00+0xb0]
J 16086 C1 org.gradle.api.internal.tasks.TaskPropertyValue.call()Ljava/lang/Object; (17 bytes) @ 0x000000011b609a4c [0x000000011b6099c0+0x8c]
J 15271 C1 org.gradle.api.internal.tasks.DefaultTaskInputs$SimplePropertyValue.resolveValue()Ljava/lang/Object; (10 bytes) @ 0x000000011978f34c [0x000000011978f240+0x10c]
j  org.gradle.api.internal.tasks.DefaultTaskInputs.getProperties()Ljava/util/Map;+50
j  org.gradle.api.internal.changedetection.state.CacheBackedTaskHistoryRepository.snapshotTaskInputProperties(Lorg/gradle/api/internal/TaskInternal;Lcom/google/common/collect/ImmutableSortedMap;Lorg/gradle/api/internal/changedetection/state/ValueSnapshotter;)Lcom/google/common/collect/ImmutableSortedMap;+10
j  org.gradle.api.internal.changedetection.state.CacheBackedTaskHistoryRepository.createExecution(Lorg/gradle/api/internal/TaskInternal;Lorg/gradle/api/internal/changedetection/state/HistoricalTaskExecution;Lorg/gradle/normalization/internal/InputNormalizationStrategy;)Lorg/gradle/api/internal/changedetection/state/CurrentTaskExecution;+113
J 24875 C1 org.gradle.api.internal.changedetection.changes.DefaultTaskArtifactStateRepository$TaskArtifactStateImpl.getStates()Lorg/gradle/api/internal/changedetection/rules/TaskUpToDateState; (49 bytes) @ 0x000000011cbcba9c [0x000000011cbcb420+0x67c]
j  org.gradle.api.internal.changedetection.changes.DefaultTaskArtifactStateRepository$TaskArtifactStateImpl.isUpToDate(Ljava/util/Collection;)Z+6
j  org.gradle.api.internal.tasks.execution.SkipUpToDateTaskExecuter.execute(Lorg/gradle/api/internal/TaskInternal;Lorg/gradle/api/internal/tasks/TaskStateInternal;Lorg/gradle/api/internal/tasks/TaskExecutionContext;)V+38
j  org.gradle.api.internal.tasks.execution.ResolveTaskOutputCachingStateExecuter.execute(Lorg/gradle/api/internal/TaskInternal;Lorg/gradle/api/internal/tasks/TaskStateInternal;Lorg/gradle/api/internal/tasks/TaskExecutionContext;)V+96
J 25623 C1 org.gradle.api.internal.tasks.execution.ValidatingTaskExecuter.execute(Lorg/gradle/api/internal/TaskInternal;Lorg/gradle/api/internal/tasks/TaskStateInternal;Lorg/gradle/api/internal/tasks/TaskExecutionContext;)V (138 bytes) @ 0x000000011a970d54 [0x000000011a96fac0+0x1294]
j  org.gradle.api.internal.tasks.execution.SkipEmptySourceFilesTaskExecuter.execute(Lorg/gradle/api/internal/TaskInternal;Lorg/gradle/api/internal/tasks/TaskStateInternal;Lorg/gradle/api/internal/tasks/TaskExecutionContext;)V+349
J 25591 C1 org.gradle.api.internal.tasks.execution.CleanupStaleOutputsExecuter.execute(Lorg/gradle/api/internal/TaskInternal;Lorg/gradle/api/internal/tasks/TaskStateInternal;Lorg/gradle/api/internal/tasks/TaskExecutionContext;)V (181 bytes) @ 0x0000000119d1051c [0x0000000119d0eac0+0x1a5c]
J 25589 C1 org.gradle.api.internal.tasks.execution.ResolveTaskArtifactStateTaskExecuter.execute(Lorg/gradle/api/internal/TaskInternal;Lorg/gradle/api/internal/tasks/TaskStateInternal;Lorg/gradle/api/internal/tasks/TaskExecutionContext;)V (136 bytes) @ 0x000000011c623904 [0x000000011c6226c0+0x1244]
j  org.gradle.api.internal.tasks.execution.SkipTaskWithNoActionsExecuter.execute(Lorg/gradle/api/internal/TaskInternal;Lorg/gradle/api/internal/tasks/TaskStateInternal;Lorg/gradle/api/internal/tasks/TaskExecutionContext;)V+124
j  org.gradle.api.internal.tasks.execution.SkipOnlyIfTaskExecuter.execute(Lorg/gradle/api/internal/TaskInternal;Lorg/gradle/api/internal/tasks/TaskStateInternal;Lorg/gradle/api/internal/tasks/TaskExecutionContext;)V+85
j  org.gradle.api.internal.tasks.execution.ExecuteAtMostOnceTaskExecuter.execute(Lorg/gradle/api/internal/TaskInternal;Lorg/gradle/api/internal/tasks/TaskStateInternal;Lorg/gradle/api/internal/tasks/TaskExecutionContext;)V+26
j  org.gradle.api.internal.tasks.execution.CatchExceptionTaskExecuter.execute(Lorg/gradle/api/internal/TaskInternal;Lorg/gradle/api/internal/tasks/TaskStateInternal;Lorg/gradle/api/internal/tasks/TaskExecutionContext;)V+7
j  org.gradle.execution.taskgraph.DefaultTaskGraphExecuter$EventFiringTaskWorker$1.run(Lorg/gradle/internal/operations/BuildOperationContext;)V+56
J 22380 C2 org.gradle.internal.progress.DefaultBuildOperationExecutor.execute(Lorg/gradle/internal/operations/BuildOperation;Lorg/gradle/internal/operations/BuildOperationWorker;Lorg/gradle/internal/progress/DefaultBuildOperationExecutor$DefaultBuildOperationState;)V (394 bytes) @ 0x000000011c63e5bc [0x000000011c63db40+0xa7c]
J 15152 C1 org.gradle.internal.progress.DefaultBuildOperationExecutor.run(Lorg/gradle/internal/operations/RunnableBuildOperation;)V (38 bytes) @ 0x000000011a2cb7dc [0x000000011a2cb4a0+0x33c]
j  org.gradle.execution.taskgraph.DefaultTaskGraphExecuter$EventFiringTaskWorker.execute(Lorg/gradle/api/internal/TaskInternal;)V+16
j  org.gradle.execution.taskgraph.DefaultTaskGraphExecuter$EventFiringTaskWorker.execute(Ljava/lang/Object;)V+5
j  org.gradle.execution.taskgraph.DefaultTaskPlanExecutor$TaskExecutorWorker.processTask(Lorg/gradle/execution/taskgraph/TaskInfo;)V+8
j  org.gradle.execution.taskgraph.DefaultTaskPlanExecutor$TaskExecutorWorker.access$200(Lorg/gradle/execution/taskgraph/DefaultTaskPlanExecutor$TaskExecutorWorker;Lorg/gradle/execution/taskgraph/TaskInfo;)V+2
j  org.gradle.execution.taskgraph.DefaultTaskPlanExecutor$TaskExecutorWorker$1.execute(Lorg/gradle/execution/taskgraph/TaskInfo;)V+38
j  org.gradle.execution.taskgraph.DefaultTaskPlanExecutor$TaskExecutorWorker$1.execute(Ljava/lang/Object;)V+5
j  org.gradle.execution.taskgraph.DefaultTaskExecutionPlan.execute(Lorg/gradle/execution/taskgraph/TaskInfo;Lorg/gradle/internal/work/WorkerLeaseRegistry$WorkerLease;Lorg/gradle/api/Action;)V+14
J 22607 C1 org.gradle.execution.taskgraph.DefaultTaskExecutionPlan.executeWithTask(Lorg/gradle/internal/work/WorkerLeaseRegistry$WorkerLease;Lorg/gradle/api/Action;)Z (62 bytes) @ 0x000000011b2a2694 [0x000000011b2a2120+0x574]
j  org.gradle.execution.taskgraph.DefaultTaskPlanExecutor$TaskExecutorWorker.run()V+52
J 15215 C2 org.gradle.internal.concurrent.ExecutorPolicy$CatchAndRecordFailures.onExecute(Ljava/lang/Runnable;)V (29 bytes) @ 0x000000011a5ac108 [0x000000011a5abd20+0x3e8]
J 15506 C2 org.gradle.internal.concurrent.ManagedExecutorImpl$1.run()V (57 bytes) @ 0x000000011b47c520 [0x000000011b47c3e0+0x140]
J 17440 C1 java.util.concurrent.ThreadPoolExecutor.runWorker(Ljava/util/concurrent/ThreadPoolExecutor$Worker;)V (225 bytes) @ 0x000000011b8d3514 [0x000000011b8d24e0+0x1034]
J 22863 C1 java.util.concurrent.ThreadPoolExecutor$Worker.run()V (9 bytes) @ 0x000000011c703504 [0x000000011c703400+0x104]
j  org.gradle.internal.concurrent.ThreadFactoryImpl$ManagedThreadRunnable.run()V+7
J 22450 C1 java.lang.Thread.run()V (17 bytes) @ 0x000000011b325084 [0x000000011b324f40+0x144]
v  ~StubRoutines::call_stub

---------------  P R O C E S S  ---------------

Java Threads: ( => current thread )
  0x00007fdc25e18800 JavaThread "Task worker for ':' Thread 3" [_thread_blocked, id=32527, stack(0x0000700006aee000,0x0000700006bee000)]
  0x00007fdc21b21800 JavaThread "Task worker for ':' Thread 2" [_thread_blocked, id=87055, stack(0x00007000069eb000,0x0000700006aeb000)]
=>0x00007fdc2509d800 JavaThread "Task worker for ':'" [_thread_in_vm, id=26155, stack(0x00007000068e8000,0x00007000069e8000)]
  0x00007fdc269cc800 JavaThread "Cache worker for Build Output Cleanup Cache (/Users/user/Documents/Projetos-estudo/BazarABC/.gradle/buildOutputCleanup)" [_thread_blocked, id=31247, stack(0x00007000067e5000,0x00007000068e5000)]
  0x00007fdc284f7000 JavaThread "Cache worker for task history cache (/Users/user/Documents/Projetos-estudo/BazarABC/.gradle/4.4/taskHistory)" [_thread_blocked, id=86799, stack(0x00007000066e2000,0x00007000067e2000)]
  0x00007fdc216a2000 JavaThread "Cache worker for file content cache (/Users/user/Documents/Projetos-estudo/BazarABC/.gradle/4.4/fileContent)" [_thread_blocked, id=41011, stack(0x00007000065df000,0x00007000066df000)]
  0x00007fdc217c1000 JavaThread "build operations Thread 4" [_thread_blocked, id=84495, stack(0x00007000062d6000,0x00007000063d6000)]
  0x00007fdc28087800 JavaThread "build operations Thread 3" [_thread_blocked, id=83215, stack(0x00007000061d3000,0x00007000062d3000)]
  0x00007fdc28462800 JavaThread "build operations Thread 2" [_thread_blocked, id=47119, stack(0x00007000060d0000,0x00007000061d0000)]
  0x00007fdc26117800 JavaThread "build operations" [_thread_blocked, id=84239, stack(0x0000700005fcd000,0x00007000060cd000)]
  0x00007fdc2856f000 JavaThread "Cache worker for Artifact transforms cache (/Users/user/.gradle/caches/transforms-1)" [_thread_blocked, id=29967, stack(0x0000700005eca000,0x0000700005fca000)]
  0x00007fdc26f6f000 JavaThread "Cache worker for file hash cache (/Users/user/Documents/Projetos-estudo/BazarABC/.gradle/4.4/fileHashes)" [_thread_blocked, id=43051, stack(0x0000700005bc1000,0x0000700005cc1000)]
  0x00007fdc20aac000 JavaThread "Stdin handler" [_thread_blocked, id=32271, stack(0x0000700005abe000,0x0000700005bbe000)]
  0x00007fdc2205e000 JavaThread "Asynchronous log dispatcher for DefaultDaemonConnection: socket connection from /127.0.0.1:49710 to /127.0.0.1:53972" [_thread_blocked, id=24627, stack(0x00007000059bb000,0x0000700005abb000)]
  0x00007fdc25241000 JavaThread "Daemon worker Thread 9" [_thread_blocked, id=82703, stack(0x00007000058b8000,0x00007000059b8000)]
  0x00007fdc250b7800 JavaThread "Cancel handler" [_thread_blocked, id=31507, stack(0x00007000057b5000,0x00007000058b5000)]
  0x00007fdc27dc3800 JavaThread "Handler for socket connection from /127.0.0.1:49710 to /127.0.0.1:53972" [_thread_in_native, id=44559, stack(0x00007000056b2000,0x00007000057b2000)]
  0x00007fdc2589a000 JavaThread "Daemon Thread 9" [_thread_blocked, id=16419, stack(0x00007000044f9000,0x00007000045f9000)]
  0x00007fdc2674a000 JavaThread "Java2D Disposer" daemon [_thread_blocked, id=23327, stack(0x0000700007712000,0x0000700007812000)]
  0x00007fdc20b44000 JavaThread "AWT-AppKit" daemon [_thread_in_native, id=775, stack(0x00007ffee1953000,0x00007ffee2153000)]
  0x00007fdc2596f000 JavaThread "Memory manager" [_thread_blocked, id=40195, stack(0x00007000064dc000,0x00007000065dc000)]
  0x00007fdc261cc000 JavaThread "pool-1-thread-1" [_thread_blocked, id=40451, stack(0x00007000063d9000,0x00007000064d9000)]
  0x00007fdc21a0a800 JavaThread "File lock request listener" [_thread_in_native, id=42243, stack(0x0000700005dc7000,0x0000700005ec7000)]
  0x00007fdc20f3f800 JavaThread "Cache worker for file hash cache (/Users/user/.gradle/caches/4.4/fileHashes)" [_thread_blocked, id=42499, stack(0x0000700005cc4000,0x0000700005dc4000)]
  0x00007fdc22677800 JavaThread "Daemon periodic checks" [_thread_blocked, id=16131, stack(0x00007000055af000,0x00007000056af000)]
  0x00007fdc2266a800 JavaThread "Incoming local TCP Connector on port 49710" [_thread_in_native, id=18179, stack(0x00007000054ac000,0x00007000055ac000)]
  0x00007fdc2084e000 JavaThread "Service Thread" daemon [_thread_blocked, id=15107, stack(0x00007000052a6000,0x00007000053a6000)]
  0x00007fdc20835000 JavaThread "C1 CompilerThread2" daemon [_thread_blocked, id=14595, stack(0x00007000051a3000,0x00007000052a3000)]
  0x00007fdc20834000 JavaThread "C2 CompilerThread1" daemon [_thread_blocked, id=18691, stack(0x00007000050a0000,0x00007000051a0000)]
  0x00007fdc20832800 JavaThread "C2 CompilerThread0" daemon [_thread_blocked, id=14083, stack(0x0000700004f9d000,0x000070000509d000)]
  0x00007fdc2081d800 JavaThread "Signal Dispatcher" daemon [_thread_blocked, id=13579, stack(0x0000700004e9a000,0x0000700004f9a000)]
  0x00007fdc2082a800 JavaThread "Finalizer" daemon [_thread_blocked, id=11779, stack(0x0000700004d97000,0x0000700004e97000)]
  0x00007fdc20829800 JavaThread "Reference Handler" daemon [_thread_blocked, id=11523, stack(0x0000700004c94000,0x0000700004d94000)]
  0x00007fdc21004000 JavaThread "main" [_thread_blocked, id=9987, stack(0x0000700004682000,0x0000700004782000)]

Other Threads:
  0x00007fdc20829000 VMThread [stack: 0x0000700004b91000,0x0000700004c91000] [id=20739]
  0x00007fdc20845000 WatcherThread [stack: 0x00007000053a9000,0x00007000054a9000] [id=15619]

VM state:not at safepoint (normal execution)

VM Mutex/Monitor currently owned by a thread: None

Heap:
 PSYoungGen      total 439808K, used 379733K [0x00000007a0000000, 0x00000007bfb00000, 0x00000007c0000000)
  eden space 368640K, 91% used [0x00000007a0000000,0x00000007b48bb168,0x00000007b6800000)
  from space 71168K, 60% used [0x00000007bb580000,0x00000007bdf9a678,0x00000007bfb00000)
  to   space 75264K, 0% used [0x00000007b6800000,0x00000007b6800000,0x00000007bb180000)
 ParOldGen       total 308224K, used 148979K [0x0000000760000000, 0x0000000772d00000, 0x00000007a0000000)
  object space 308224K, 48% used [0x0000000760000000,0x000000076917cdb0,0x0000000772d00000)
 Metaspace       used 94557K, capacity 100648K, committed 100824K, reserved 1136640K
  class space    used 12018K, capacity 13276K, committed 13312K, reserved 1048576K

Card table byte_map: [0x000000010f228000,0x000000010f529000] byte_map_base: 0x000000010b728000

Marking Bits: (ParMarkBitMap*) 0x000000010ebf81c8
 Begin Bits: [0x000000010f729000, 0x0000000110f29000)
 End Bits:   [0x0000000110f29000, 0x0000000112729000)

Polling page: 0x000000010db21000

CodeCache: size=245760Kb used=62010Kb max_used=62027Kb free=183750Kb
 bounds [0x00000001190d0000, 0x000000011cdf0000, 0x00000001280d0000]
 total_blobs=19597 nmethods=18604 adapters=906
 compilation: enabled

Compilation events (10 events):
Event: 4266.534 Thread 0x00007fdc20835000 25622       1       org.gradle.api.internal.file.copy.DefaultCopySpec::access$600 (5 bytes)
Event: 4266.536 Thread 0x00007fdc20835000 nmethod 25622 0x0000000119d0e450 code [0x0000000119d0e5a0, 0x0000000119d0e690]
Event: 4266.538 Thread 0x00007fdc20835000 25623   !   3       org.gradle.api.internal.tasks.execution.ValidatingTaskExecuter::execute (138 bytes)
Event: 4266.544 Thread 0x00007fdc20835000 nmethod 25623 0x000000011a96f7d0 code [0x000000011a96fac0, 0x000000011a971278]
Event: 4266.544 Thread 0x00007fdc20835000 25624       3       org.gradle.api.internal.tasks.DefaultTaskValidationContext::<init> (22 bytes)
Event: 4266.544 Thread 0x00007fdc20835000 nmethod 25624 0x000000011a4a4a90 code [0x000000011a4a4c00, 0x000000011a4a4e10]
Event: 4266.594 Thread 0x00007fdc20835000 25625       3       java.io.File::length (33 bytes)
Event: 4266.595 Thread 0x00007fdc20835000 nmethod 25625 0x000000011a982590 code [0x000000011a982780, 0x000000011a982f08]
Event: 4266.623 Thread 0x00007fdc20835000 25626       3       org.gradle.api.internal.changedetection.state.OrderInsensitiveTaskFilePropertyCompareStrategy::iterateChangesForAbsolutePaths (57 bytes)
Event: 4266.624 Thread 0x00007fdc20835000 nmethod 25626 0x000000011abdcdd0 code [0x000000011abdd040, 0x000000011abddc68]

GC Heap History (10 events):
Event: 3934.916 GC heap before
{Heap before GC invocations=28 (full 4):
 PSYoungGen      total 439808K, used 394011K [0x00000007a0000000, 0x00000007bf700000, 0x00000007c0000000)
  eden space 367616K, 99% used [0x00000007a0000000,0x00000007b6649a88,0x00000007b6700000)
  from space 72192K, 37% used [0x00000007b6700000,0x00000007b817d260,0x00000007bad80000)
  to   space 68096K, 0% used [0x00000007bb480000,0x00000007bb480000,0x00000007bf700000)
 ParOldGen       total 308224K, used 140934K [0x0000000760000000, 0x0000000772d00000, 0x00000007a0000000)
  object space 308224K, 45% used [0x0000000760000000,0x00000007689a19e8,0x0000000772d00000)
 Metaspace       used 92291K, capacity 97914K, committed 98136K, reserved 1134592K
  class space    used 11836K, capacity 13061K, committed 13184K, reserved 1048576K
Event: 3935.459 GC heap after
Heap after GC invocations=28 (full 4):
 PSYoungGen      total 444928K, used 44495K [0x00000007a0000000, 0x00000007c0000000, 0x00000007c0000000)
  eden space 376832K, 0% used [0x00000007a0000000,0x00000007a0000000,0x00000007b7000000)
  from space 68096K, 65% used [0x00000007bb480000,0x00000007bdff3c18,0x00000007bf700000)
  to   space 70144K, 0% used [0x00000007b7000000,0x00000007b7000000,0x00000007bb480000)
 ParOldGen       total 308224K, used 140942K [0x0000000760000000, 0x0000000772d00000, 0x00000007a0000000)
  object space 308224K, 45% used [0x0000000760000000,0x00000007689a39e8,0x0000000772d00000)
 Metaspace       used 92291K, capacity 97914K, committed 98136K, reserved 1134592K
  class space    used 11836K, capacity 13061K, committed 13184K, reserved 1048576K
}
Event: 3944.364 GC heap before
{Heap before GC invocations=29 (full 4):
 PSYoungGen      total 444928K, used 421327K [0x00000007a0000000, 0x00000007c0000000, 0x00000007c0000000)
  eden space 376832K, 100% used [0x00000007a0000000,0x00000007b7000000,0x00000007b7000000)
  from space 68096K, 65% used [0x00000007bb480000,0x00000007bdff3c18,0x00000007bf700000)
  to   space 70144K, 0% used [0x00000007b7000000,0x00000007b7000000,0x00000007bb480000)
 ParOldGen       total 308224K, used 140942K [0x0000000760000000, 0x0000000772d00000, 0x00000007a0000000)
  object space 308224K, 45% used [0x0000000760000000,0x00000007689a39e8,0x0000000772d00000)
 Metaspace       used 93985K, capacity 99754K, committed 99928K, reserved 1136640K
  class space    used 11961K, capacity 13167K, committed 13184K, reserved 1048576K
Event: 3944.520 GC heap after
Heap after GC invocations=29 (full 4):
 PSYoungGen      total 446976K, used 33623K [0x00000007a0000000, 0x00000007bfc00000, 0x00000007c0000000)
  eden space 376832K, 0% used [0x00000007a0000000,0x00000007a0000000,0x00000007b7000000)
  from space 70144K, 47% used [0x00000007b7000000,0x00000007b90d5f50,0x00000007bb480000)
  to   space 67072K, 0% used [0x00000007bba80000,0x00000007bba80000,0x00000007bfc00000)
 ParOldGen       total 308224K, used 140950K [0x0000000760000000, 0x0000000772d00000, 0x00000007a0000000)
  object space 308224K, 45% used [0x0000000760000000,0x00000007689a59e8,0x0000000772d00000)
 Metaspace       used 93985K, capacity 99754K, committed 99928K, reserved 1136640K
  class space    used 11961K, capacity 13167K, committed 13184K, reserved 1048576K
}
Event: 3947.633 GC heap before
{Heap before GC invocations=30 (full 4):
 PSYoungGen      total 446976K, used 410410K [0x00000007a0000000, 0x00000007bfc00000, 0x00000007c0000000)
  eden space 376832K, 99% used [0x00000007a0000000,0x00000007b6ff4b98,0x00000007b7000000)
  from space 70144K, 47% used [0x00000007b7000000,0x00000007b90d5f50,0x00000007bb480000)
  to   space 67072K, 0% used [0x00000007bba80000,0x00000007bba80000,0x00000007bfc00000)
 ParOldGen       total 308224K, used 140950K [0x0000000760000000, 0x0000000772d00000, 0x00000007a0000000)
  object space 308224K, 45% used [0x0000000760000000,0x00000007689a59e8,0x0000000772d00000)
 Metaspace       used 93998K, capacity 99758K, committed 99928K, reserved 1136640K
  class space    used 11962K, capacity 13167K, committed 13184K, reserved 1048576K
Event: 3947.839 GC heap after
Heap after GC invocations=30 (full 4):
 PSYoungGen      total 432640K, used 67059K [0x00000007a0000000, 0x00000007c0000000, 0x00000007c0000000)
  eden space 365568K, 0% used [0x00000007a0000000,0x00000007a0000000,0x00000007b6500000)
  from space 67072K, 99% used [0x00000007bba80000,0x00000007bfbfcd60,0x00000007bfc00000)
  to   space 79360K, 0% used [0x00000007b6500000,0x00000007b6500000,0x00000007bb280000)
 ParOldGen       total 308224K, used 148254K [0x0000000760000000, 0x0000000772d00000, 0x00000007a0000000)
  object space 308224K, 48% used [0x0000000760000000,0x00000007690c79e8,0x0000000772d00000)
 Metaspace       used 93998K, capacity 99758K, committed 99928K, reserved 1136640K
  class space    used 11962K, capacity 13167K, committed 13184K, reserved 1048576K
}
Event: 3952.071 GC heap before
{Heap before GC invocations=31 (full 4):
 PSYoungGen      total 432640K, used 432627K [0x00000007a0000000, 0x00000007c0000000, 0x00000007c0000000)
  eden space 365568K, 100% used [0x00000007a0000000,0x00000007b6500000,0x00000007b6500000)
  from space 67072K, 99% used [0x00000007bba80000,0x00000007bfbfcd60,0x00000007bfc00000)
  to   space 79360K, 0% used [0x00000007b6500000,0x00000007b6500000,0x00000007bb280000)
 ParOldGen       total 308224K, used 148254K [0x0000000760000000, 0x0000000772d00000, 0x00000007a0000000)
  object space 308224K, 48% used [0x0000000760000000,0x00000007690c79e8,0x0000000772d00000)
 Metaspace       used 94312K, capacity 100270K, committed 100568K, reserved 1136640K
  class space    used 12001K, capacity 13245K, committed 13312K, reserved 1048576K
Event: 3952.124 GC heap after
Heap after GC invocations=31 (full 4):
 PSYoungGen      total 444928K, used 29152K [0x00000007a0000000, 0x00000007c0000000, 0x00000007c0000000)
  eden space 365568K, 0% used [0x00000007a0000000,0x00000007a0000000,0x00000007b6500000)
  from space 79360K, 36% used [0x00000007b6500000,0x00000007b8178310,0x00000007bb280000)
  to   space 76288K, 0% used [0x00000007bb580000,0x00000007bb580000,0x00000007c0000000)
 ParOldGen       total 308224K, used 148971K [0x0000000760000000, 0x0000000772d00000, 0x00000007a0000000)
  object space 308224K, 48% used [0x0000000760000000,0x000000076917adb0,0x0000000772d00000)
 Metaspace       used 94312K, capacity 100270K, committed 100568K, reserved 1136640K
  class space    used 12001K, capacity 13245K, committed 13312K, reserved 1048576K
}
Event: 3953.899 GC heap before
{Heap before GC invocations=32 (full 4):
 PSYoungGen      total 444928K, used 394437K [0x00000007a0000000, 0x00000007c0000000, 0x00000007c0000000)
  eden space 365568K, 99% used [0x00000007a0000000,0x00000007b64b9180,0x00000007b6500000)
  from space 79360K, 36% used [0x00000007b6500000,0x00000007b8178310,0x00000007bb280000)
  to   space 76288K, 0% used [0x00000007bb580000,0x00000007bb580000,0x00000007c0000000)
 ParOldGen       total 308224K, used 148971K [0x0000000760000000, 0x0000000772d00000, 0x00000007a0000000)
  object space 308224K, 48% used [0x0000000760000000,0x000000076917adb0,0x0000000772d00000)
 Metaspace       used 94359K, capacity 100304K, committed 100568K, reserved 1136640K
  class space    used 12004K, capacity 13250K, committed 13312K, reserved 1048576K
Event: 3953.966 GC heap after
Heap after GC invocations=32 (full 4):
 PSYoungGen      total 439808K, used 43113K [0x00000007a0000000, 0x00000007bfb00000, 0x00000007c0000000)
  eden space 368640K, 0% used [0x00000007a0000000,0x00000007a0000000,0x00000007b6800000)
  from space 71168K, 60% used [0x00000007bb580000,0x00000007bdf9a678,0x00000007bfb00000)
  to   space 75264K, 0% used [0x00000007b6800000,0x00000007b6800000,0x00000007bb180000)
 ParOldGen       total 308224K, used 148979K [0x0000000760000000, 0x0000000772d00000, 0x00000007a0000000)
  object space 308224K, 48% used [0x0000000760000000,0x000000076917cdb0,0x0000000772d00000)
 Metaspace       used 94359K, capacity 100304K, committed 100568K, reserved 1136640K
  class space    used 12004K, capacity 13250K, committed 13312K, reserved 1048576K
}

Deoptimization events (10 events):
Event: 3954.144 Thread 0x00007fdc25e59800 Uncommon trap: reason=bimorphic action=maybe_recompile pc=0x000000011c82153c method=com.google.common.collect.Sets.hashCodeImpl(Ljava/util/Set;)I @ 31
Event: 4160.541 Thread 0x00007fdc269af000 Uncommon trap: reason=unstable_if action=reinterpret pc=0x000000011b29fea4 method=org.gradle.internal.logging.sink.OutputEventRenderer.onOutput(Lorg/gradle/internal/logging/events/OutputEvent;)V @ 24
Event: 4161.006 Thread 0x00007fdc26f6f000 Uncommon trap: reason=unstable_if action=reinterpret pc=0x000000011b156bec method=java.lang.ref.SoftReference.get()Ljava/lang/Object; @ 6
Event: 4161.007 Thread 0x00007fdc26f6f000 Uncommon trap: reason=unstable_if action=reinterpret pc=0x0000000119d48044 method=java.lang.ref.SoftReference.get()Ljava/lang/Object; @ 6
Event: 4161.008 Thread 0x00007fdc26f6f000 Uncommon trap: reason=unstable_if action=reinterpret pc=0x0000000119c81d70 method=java.lang.ref.SoftReference.get()Ljava/lang/Object; @ 6
Event: 4161.039 Thread 0x00007fdc26f6f000 Uncommon trap: reason=unstable_if action=reinterpret pc=0x000000011b49a8f4 method=java.lang.ref.SoftReference.get()Ljava/lang/Object; @ 6
Event: 4161.040 Thread 0x00007fdc26f6f000 Uncommon trap: reason=unstable_if action=reinterpret pc=0x0000000119c5176c method=java.lang.ref.SoftReference.get()Ljava/lang/Object; @ 6
Event: 4161.208 Thread 0x00007fdc26f6f000 Uncommon trap: reason=unstable_if action=reinterpret pc=0x0000000119f67268 method=java.lang.ref.SoftReference.get()Ljava/lang/Object; @ 6
Event: 4163.139 Thread 0x00007fdc2856f000 Uncommon trap: reason=unstable_if action=reinterpret pc=0x000000011a08f4f0 method=java.util.concurrent.ConcurrentHashMap.addCount(JI)V @ 97
Event: 4163.143 Thread 0x00007fdc250b7800 Uncommon trap: reason=unstable_if action=reinterpret pc=0x000000011a08c458 method=java.util.concurrent.ConcurrentHashMap.addCount(JI)V @ 97

Classes redefined (0 events):
No events

Internal exceptions (10 events):
Event: 4263.785 Thread 0x00007fdc25241000 Exception <a 'sun/nio/fs/UnixException'> (0x00000007add0c6e8) thrown at [/Volumes/android/AOSP-openjdk-git/jdk8u/hotspot/src/share/vm/prims/jni.cpp, line 709]
Event: 4263.785 Thread 0x00007fdc25241000 Exception <a 'sun/nio/fs/UnixException'> (0x00000007add0db68) thrown at [/Volumes/android/AOSP-openjdk-git/jdk8u/hotspot/src/share/vm/prims/jni.cpp, line 709]
Event: 4263.785 Thread 0x00007fdc25241000 Exception <a 'sun/nio/fs/UnixException'> (0x00000007add0f9d8) thrown at [/Volumes/android/AOSP-openjdk-git/jdk8u/hotspot/src/share/vm/prims/jni.cpp, line 709]
Event: 4263.785 Thread 0x00007fdc25241000 Exception <a 'sun/nio/fs/UnixException'> (0x00000007add10eb8) thrown at [/Volumes/android/AOSP-openjdk-git/jdk8u/hotspot/src/share/vm/prims/jni.cpp, line 709]
Event: 4263.785 Thread 0x00007fdc25241000 Exception <a 'sun/nio/fs/UnixException'> (0x00000007add13120) thrown at [/Volumes/android/AOSP-openjdk-git/jdk8u/hotspot/src/share/vm/prims/jni.cpp, line 709]
Event: 4263.785 Thread 0x00007fdc25241000 Exception <a 'sun/nio/fs/UnixException'> (0x00000007add14700) thrown at [/Volumes/android/AOSP-openjdk-git/jdk8u/hotspot/src/share/vm/prims/jni.cpp, line 709]
Event: 4263.785 Thread 0x00007fdc25241000 Exception <a 'sun/nio/fs/UnixException'> (0x00000007add18540) thrown at [/Volumes/android/AOSP-openjdk-git/jdk8u/hotspot/src/share/vm/prims/jni.cpp, line 709]
Event: 4263.786 Thread 0x00007fdc25241000 Exception <a 'sun/nio/fs/UnixException'> (0x00000007add19ad8) thrown at [/Volumes/android/AOSP-openjdk-git/jdk8u/hotspot/src/share/vm/prims/jni.cpp, line 709]
Event: 4263.786 Thread 0x00007fdc25241000 Exception <a 'sun/nio/fs/UnixException'> (0x00000007add1d4a8) thrown at [/Volumes/android/AOSP-openjdk-git/jdk8u/hotspot/src/share/vm/prims/jni.cpp, line 709]
Event: 4263.786 Thread 0x00007fdc25241000 Exception <a 'sun/nio/fs/UnixException'> (0x00000007add1e818) thrown at [/Volumes/android/AOSP-openjdk-git/jdk8u/hotspot/src/share/vm/prims/jni.cpp, line 709]

Events (10 events):
Event: 4265.366 Executing VM operation: RevokeBias
Event: 4265.366 Executing VM operation: RevokeBias done
Event: 4265.366 Executing VM operation: RevokeBias
Event: 4265.366 Executing VM operation: RevokeBias done
Event: 4265.405 loading class org/gradle/internal/typeconversion/NotationConverterToNotationParserAdapter$1
Event: 4265.405 loading class org/gradle/internal/typeconversion/NotationConverterToNotationParserAdapter$1 done
Event: 4265.460 Executing VM operation: RevokeBias
Event: 4265.461 Executing VM operation: RevokeBias done
Event: 4265.461 Executing VM operation: RevokeBias
Event: 4265.461 Executing VM operation: RevokeBias done


Dynamic libraries:
0x0000000004cf3000 	/System/Library/Frameworks/Cocoa.framework/Versions/A/Cocoa
0x0000000004cf3000 	/System/Library/Frameworks/Security.framework/Versions/A/Security
0x0000000004cf3000 	/System/Library/Frameworks/ApplicationServices.framework/Versions/A/ApplicationServices
0x0000000004cf3000 	/usr/lib/libz.1.dylib
0x0000000004cf3000 	/usr/lib/libSystem.B.dylib
0x0000000004cf3000 	/System/Library/Frameworks/CoreFoundation.framework/Versions/A/CoreFoundation
0x0000000004cf3000 	/System/Library/Frameworks/Foundation.framework/Versions/C/Foundation
0x0000000004cf3000 	/usr/lib/libobjc.A.dylib
0x0000000004cf3000 	/System/Library/Frameworks/AppKit.framework/Versions/C/AppKit
0x0000000004cf3000 	/System/Library/Frameworks/CoreData.framework/Versions/A/CoreData
0x0000000004cf3000 	/System/Library/PrivateFrameworks/RemoteViewServices.framework/Versions/A/RemoteViewServices
0x0000000004cf3000 	/System/Library/PrivateFrameworks/UIFoundation.framework/Versions/A/UIFoundation
0x0000000004cf3000 	/System/Library/PrivateFrameworks/DFRFoundation.framework/Versions/A/DFRFoundation
0x0000000004cf3000 	/System/Library/Frameworks/Metal.framework/Versions/A/Metal
0x0000000004cf3000 	/System/Library/PrivateFrameworks/DesktopServicesPriv.framework/Versions/A/DesktopServicesPriv
0x0000000004cf3000 	/usr/lib/libenergytrace.dylib
0x0000000004cf3000 	/System/Library/PrivateFrameworks/SkyLight.framework/Versions/A/SkyLight
0x0000000004cf3000 	/System/Library/Frameworks/CoreGraphics.framework/Versions/A/CoreGraphics
0x0000000004cf3000 	/usr/lib/libScreenReader.dylib
0x0000000004cf3000 	/System/Library/Frameworks/Accelerate.framework/Versions/A/Accelerate
0x0000000004cf3000 	/System/Library/Frameworks/IOSurface.framework/Versions/A/IOSurface
0x0000000004cf3000 	/System/Library/Frameworks/AudioToolbox.framework/Versions/A/AudioToolbox
0x0000000004cf3000 	/System/Library/Frameworks/AudioUnit.framework/Versions/A/AudioUnit
0x0000000004cf3000 	/System/Library/PrivateFrameworks/DataDetectorsCore.framework/Versions/A/DataDetectorsCore
0x0000000004cf3000 	/System/Library/Frameworks/Carbon.framework/Versions/A/Frameworks/HIToolbox.framework/Versions/A/HIToolbox
0x0000000004cf3000 	/usr/lib/libicucore.A.dylib
0x0000000004cf3000 	/System/Library/Frameworks/QuartzCore.framework/Versions/A/QuartzCore
0x0000000004cf3000 	/System/Library/PrivateFrameworks/SignpostNotification.framework/Versions/A/SignpostNotification
0x0000000004cf3000 	/System/Library/Frameworks/Carbon.framework/Versions/A/Frameworks/SpeechRecognition.framework/Versions/A/SpeechRecognition
0x0000000004cf3000 	/usr/lib/libauto.dylib
0x0000000004cf3000 	/usr/lib/libxml2.2.dylib
0x0000000004cf3000 	/System/Library/PrivateFrameworks/CoreUI.framework/Versions/A/CoreUI
0x0000000004cf3000 	/System/Library/Frameworks/CoreAudio.framework/Versions/A/CoreAudio
0x0000000004cf3000 	/System/Library/Frameworks/DiskArbitration.framework/Versions/A/DiskArbitration
0x0000000004cf3000 	/usr/lib/liblangid.dylib
0x0000000004cf3000 	/System/Library/PrivateFrameworks/MultitouchSupport.framework/Versions/A/MultitouchSupport
0x0000000004cf3000 	/System/Library/Frameworks/IOKit.framework/Versions/A/IOKit
0x0000000004cf3000 	/usr/lib/libDiagnosticMessagesClient.dylib
0x0000000004cf3000 	/System/Library/Frameworks/CoreServices.framework/Versions/A/CoreServices
0x0000000004cf3000 	/System/Library/PrivateFrameworks/PerformanceAnalysis.framework/Versions/A/PerformanceAnalysis
0x0000000004cf3000 	/System/Library/Frameworks/OpenGL.framework/Versions/A/OpenGL
0x0000000004cf3000 	/System/Library/Frameworks/ColorSync.framework/Versions/A/ColorSync
0x0000000004cf3000 	/System/Library/Frameworks/CoreImage.framework/Versions/A/CoreImage
0x0000000004cf3000 	/System/Library/Frameworks/CoreText.framework/Versions/A/CoreText
0x0000000004cf3000 	/System/Library/Frameworks/ImageIO.framework/Versions/A/ImageIO
0x0000000004cf3000 	/System/Library/PrivateFrameworks/Backup.framework/Versions/A/Backup
0x0000000004cf3000 	/usr/lib/libarchive.2.dylib
0x0000000004cf3000 	/System/Library/Frameworks/CFNetwork.framework/Versions/A/CFNetwork
0x0000000004cf3000 	/System/Library/Frameworks/SystemConfiguration.framework/Versions/A/SystemConfiguration
0x0000000004cf3000 	/usr/lib/libCRFSuite.dylib
0x0000000004cf3000 	/usr/lib/libc++.1.dylib
0x0000000004cf3000 	/usr/lib/libc++abi.dylib
0x0000000004cf3000 	/usr/lib/system/libcache.dylib
0x0000000004cf3000 	/usr/lib/system/libcommonCrypto.dylib
0x0000000004cf3000 	/usr/lib/system/libcompiler_rt.dylib
0x0000000004cf3000 	/usr/lib/system/libcopyfile.dylib
0x0000000004cf3000 	/usr/lib/system/libcorecrypto.dylib
0x0000000004cf3000 	/usr/lib/system/libdispatch.dylib
0x0000000004cf3000 	/usr/lib/system/libdyld.dylib
0x0000000004cf3000 	/usr/lib/system/libkeymgr.dylib
0x0000000004cf3000 	/usr/lib/system/liblaunch.dylib
0x0000000004cf3000 	/usr/lib/system/libmacho.dylib
0x0000000004cf3000 	/usr/lib/system/libquarantine.dylib
0x0000000004cf3000 	/usr/lib/system/libremovefile.dylib
0x0000000004cf3000 	/usr/lib/system/libsystem_asl.dylib
0x0000000004cf3000 	/usr/lib/system/libsystem_blocks.dylib
0x0000000004cf3000 	/usr/lib/system/libsystem_c.dylib
0x0000000004cf3000 	/usr/lib/system/libsystem_configuration.dylib
0x0000000004cf3000 	/usr/lib/system/libsystem_coreservices.dylib
0x0000000004cf3000 	/usr/lib/system/libsystem_darwin.dylib
0x0000000004cf3000 	/usr/lib/system/libsystem_dnssd.dylib
0x0000000004cf3000 	/usr/lib/system/libsystem_info.dylib
0x0000000004cf3000 	/usr/lib/system/libsystem_m.dylib
0x0000000004cf3000 	/usr/lib/system/libsystem_malloc.dylib
0x0000000004cf3000 	/usr/lib/system/libsystem_network.dylib
0x0000000004cf3000 	/usr/lib/system/libsystem_networkextension.dylib
0x0000000004cf3000 	/usr/lib/system/libsystem_notify.dylib
0x0000000004cf3000 	/usr/lib/system/libsystem_sandbox.dylib
0x0000000004cf3000 	/usr/lib/system/libsystem_secinit.dylib
0x0000000004cf3000 	/usr/lib/system/libsystem_kernel.dylib
0x0000000004cf3000 	/usr/lib/system/libsystem_platform.dylib
0x0000000004cf3000 	/usr/lib/system/libsystem_pthread.dylib
0x0000000004cf3000 	/usr/lib/system/libsystem_symptoms.dylib
0x0000000004cf3000 	/usr/lib/system/libsystem_trace.dylib
0x0000000004cf3000 	/usr/lib/system/libunwind.dylib
0x0000000004cf3000 	/usr/lib/system/libxpc.dylib
0x0000000004cf3000 	/usr/lib/closure/libclosured.dylib
0x0000000004cf3000 	/usr/lib/libbsm.0.dylib
0x0000000004cf3000 	/usr/lib/system/libkxld.dylib
0x0000000004cf3000 	/usr/lib/libOpenScriptingUtil.dylib
0x0000000004cf3000 	/usr/lib/libcoretls.dylib
0x0000000004cf3000 	/usr/lib/libcoretls_cfhelpers.dylib
0x0000000004cf3000 	/usr/lib/libpam.2.dylib
0x0000000004cf3000 	/usr/lib/libsqlite3.dylib
0x0000000004cf3000 	/usr/lib/libxar.1.dylib
0x0000000004cf3000 	/usr/lib/libbz2.1.0.dylib
0x0000000004cf3000 	/usr/lib/liblzma.5.dylib
0x0000000004cf3000 	/usr/lib/libnetwork.dylib
0x0000000004cf3000 	/usr/lib/libapple_nghttp2.dylib
0x0000000004cf3000 	/usr/lib/libpcap.A.dylib
0x0000000004cf3000 	/usr/lib/libboringssl.dylib
0x0000000004cf3000 	/usr/lib/libusrtcp.dylib
0x0000000004cf3000 	/usr/lib/libapple_crypto.dylib
0x0000000004cf3000 	/System/Library/Frameworks/CoreServices.framework/Versions/A/Frameworks/FSEvents.framework/Versions/A/FSEvents
0x0000000004cf3000 	/System/Library/Frameworks/CoreServices.framework/Versions/A/Frameworks/CarbonCore.framework/Versions/A/CarbonCore
0x0000000004cf3000 	/System/Library/Frameworks/CoreServices.framework/Versions/A/Frameworks/Metadata.framework/Versions/A/Metadata
0x0000000004cf3000 	/System/Library/Frameworks/CoreServices.framework/Versions/A/Frameworks/OSServices.framework/Versions/A/OSServices
0x0000000004cf3000 	/System/Library/Frameworks/CoreServices.framework/Versions/A/Frameworks/SearchKit.framework/Versions/A/SearchKit
0x0000000004cf3000 	/System/Library/Frameworks/CoreServices.framework/Versions/A/Frameworks/AE.framework/Versions/A/AE
0x0000000004cf3000 	/System/Library/Frameworks/CoreServices.framework/Versions/A/Frameworks/LaunchServices.framework/Versions/A/LaunchServices
0x0000000004cf3000 	/System/Library/Frameworks/CoreServices.framework/Versions/A/Frameworks/DictionaryServices.framework/Versions/A/DictionaryServices
0x0000000004cf3000 	/System/Library/Frameworks/CoreServices.framework/Versions/A/Frameworks/SharedFileList.framework/Versions/A/SharedFileList
0x0000000004cf3000 	/System/Library/Frameworks/NetFS.framework/Versions/A/NetFS
0x0000000004cf3000 	/System/Library/PrivateFrameworks/NetAuth.framework/Versions/A/NetAuth
0x0000000004cf3000 	/System/Library/PrivateFrameworks/login.framework/Versions/A/Frameworks/loginsupport.framework/Versions/A/loginsupport
0x0000000004cf3000 	/System/Library/PrivateFrameworks/TCC.framework/Versions/A/TCC
0x0000000004cf3000 	/usr/lib/libmecabra.dylib
0x0000000004cf3000 	/System/Library/Frameworks/ApplicationServices.framework/Versions/A/Frameworks/ATS.framework/Versions/A/ATS
0x0000000004cf3000 	/System/Library/Frameworks/ApplicationServices.framework/Versions/A/Frameworks/ColorSyncLegacy.framework/Versions/A/ColorSyncLegacy
0x0000000004cf3000 	/System/Library/Frameworks/ApplicationServices.framework/Versions/A/Frameworks/HIServices.framework/Versions/A/HIServices
0x0000000004cf3000 	/System/Library/Frameworks/ApplicationServices.framework/Versions/A/Frameworks/LangAnalysis.framework/Versions/A/LangAnalysis
0x0000000004cf3000 	/System/Library/Frameworks/ApplicationServices.framework/Versions/A/Frameworks/PrintCore.framework/Versions/A/PrintCore
0x0000000004cf3000 	/System/Library/Frameworks/ApplicationServices.framework/Versions/A/Frameworks/QD.framework/Versions/A/QD
0x0000000004cf3000 	/System/Library/Frameworks/ApplicationServices.framework/Versions/A/Frameworks/SpeechSynthesis.framework/Versions/A/SpeechSynthesis
0x0000000004cf3000 	/System/Library/Frameworks/CoreDisplay.framework/Versions/A/CoreDisplay
0x0000000004cf3000 	/System/Library/Frameworks/Accelerate.framework/Versions/A/Frameworks/vImage.framework/Versions/A/vImage
0x0000000004cf3000 	/System/Library/Frameworks/Accelerate.framework/Versions/A/Frameworks/vecLib.framework/Versions/A/vecLib
0x0000000004cf3000 	/System/Library/Frameworks/Accelerate.framework/Versions/A/Frameworks/vecLib.framework/Versions/A/libvDSP.dylib
0x0000000004cf3000 	/System/Library/Frameworks/Accelerate.framework/Versions/A/Frameworks/vecLib.framework/Versions/A/libBNNS.dylib
0x0000000004cf3000 	/System/Library/Frameworks/Accelerate.framework/Versions/A/Frameworks/vecLib.framework/Versions/A/libQuadrature.dylib
0x0000000004cf3000 	/System/Library/Frameworks/Accelerate.framework/Versions/A/Frameworks/vecLib.framework/Versions/A/libvMisc.dylib
0x0000000004cf3000 	/System/Library/Frameworks/Accelerate.framework/Versions/A/Frameworks/vecLib.framework/Versions/A/libLAPACK.dylib
0x0000000004cf3000 	/System/Library/Frameworks/Accelerate.framework/Versions/A/Frameworks/vecLib.framework/Versions/A/libBLAS.dylib
0x0000000004cf3000 	/System/Library/Frameworks/Accelerate.framework/Versions/A/Frameworks/vecLib.framework/Versions/A/libLinearAlgebra.dylib
0x0000000004cf3000 	/System/Library/Frameworks/Accelerate.framework/Versions/A/Frameworks/vecLib.framework/Versions/A/libSparse.dylib
0x0000000004cf3000 	/System/Library/Frameworks/Accelerate.framework/Versions/A/Frameworks/vecLib.framework/Versions/A/libSparseBLAS.dylib
0x0000000004cf3000 	/System/Library/PrivateFrameworks/GPUWrangler.framework/Versions/A/GPUWrangler
0x0000000004cf3000 	/System/Library/PrivateFrameworks/IOAccelerator.framework/Versions/A/IOAccelerator
0x0000000004cf3000 	/System/Library/PrivateFrameworks/IOPresentment.framework/Versions/A/IOPresentment
0x0000000004cf3000 	/System/Library/PrivateFrameworks/DSExternalDisplay.framework/Versions/A/DSExternalDisplay
0x0000000004cf3000 	/System/Library/Frameworks/OpenGL.framework/Versions/A/Libraries/libCoreFSCache.dylib
0x0000000004cf3000 	/System/Library/Frameworks/CoreVideo.framework/Versions/A/CoreVideo
0x0000000004cf3000 	/System/Library/PrivateFrameworks/GraphVisualizer.framework/Versions/A/GraphVisualizer
0x0000000004cf3000 	/System/Library/Frameworks/MetalPerformanceShaders.framework/Versions/A/MetalPerformanceShaders
0x0000000004cf3000 	/usr/lib/libFosl_dynamic.dylib
0x0000000004cf3000 	/System/Library/PrivateFrameworks/FaceCore.framework/Versions/A/FaceCore
0x0000000004cf3000 	/System/Library/Frameworks/OpenCL.framework/Versions/A/OpenCL
0x0000000004cf3000 	/usr/lib/libcompression.dylib
0x0000000004cf3000 	/System/Library/Frameworks/ApplicationServices.framework/Versions/A/Frameworks/ATS.framework/Versions/A/Resources/libFontParser.dylib
0x0000000004cf3000 	/System/Library/Frameworks/ApplicationServices.framework/Versions/A/Frameworks/ATS.framework/Versions/A/Resources/libFontRegistry.dylib
0x0000000004cf3000 	/System/Library/Frameworks/ImageIO.framework/Versions/A/Resources/libJPEG.dylib
0x0000000004cf3000 	/System/Library/Frameworks/ImageIO.framework/Versions/A/Resources/libTIFF.dylib
0x0000000004cf3000 	/System/Library/Frameworks/ImageIO.framework/Versions/A/Resources/libPng.dylib
0x0000000004cf3000 	/System/Library/Frameworks/ImageIO.framework/Versions/A/Resources/libGIF.dylib
0x0000000004cf3000 	/System/Library/Frameworks/ImageIO.framework/Versions/A/Resources/libJP2.dylib
0x0000000004cf3000 	/System/Library/Frameworks/ImageIO.framework/Versions/A/Resources/libRadiance.dylib
0x0000000004cf3000 	/System/Library/PrivateFrameworks/AppleJPEG.framework/Versions/A/AppleJPEG
0x0000000004cf3000 	/System/Library/Frameworks/MetalPerformanceShaders.framework/Frameworks/MPSCore.framework/Versions/A/MPSCore
0x0000000004cf3000 	/System/Library/Frameworks/MetalPerformanceShaders.framework/Frameworks/MPSImage.framework/Versions/A/MPSImage
0x0000000004cf3000 	/System/Library/Frameworks/MetalPerformanceShaders.framework/Frameworks/MPSNeuralNetwork.framework/Versions/A/MPSNeuralNetwork
0x0000000004cf3000 	/System/Library/Frameworks/MetalPerformanceShaders.framework/Frameworks/MPSMatrix.framework/Versions/A/MPSMatrix
0x0000000004cf3000 	/System/Library/PrivateFrameworks/MetalTools.framework/Versions/A/MetalTools
0x0000000004cf3000 	/System/Library/Frameworks/OpenGL.framework/Versions/A/Libraries/libGLU.dylib
0x0000000004cf3000 	/System/Library/Frameworks/OpenGL.framework/Versions/A/Libraries/libGFXShared.dylib
0x0000000004cf3000 	/System/Library/Frameworks/OpenGL.framework/Versions/A/Libraries/libGL.dylib
0x0000000004cf3000 	/System/Library/Frameworks/OpenGL.framework/Versions/A/Libraries/libGLImage.dylib
0x0000000004cf3000 	/System/Library/Frameworks/OpenGL.framework/Versions/A/Libraries/libCVMSPluginSupport.dylib
0x0000000004cf3000 	/System/Library/Frameworks/OpenGL.framework/Versions/A/Libraries/libCoreVMClient.dylib
0x0000000004cf3000 	/usr/lib/libcups.2.dylib
0x0000000004cf3000 	/System/Library/Frameworks/Kerberos.framework/Versions/A/Kerberos
0x0000000004cf3000 	/System/Library/Frameworks/GSS.framework/Versions/A/GSS
0x0000000004cf3000 	/usr/lib/libresolv.9.dylib
0x0000000004cf3000 	/usr/lib/libiconv.2.dylib
0x0000000004cf3000 	/System/Library/PrivateFrameworks/Heimdal.framework/Versions/A/Heimdal
0x0000000004cf3000 	/usr/lib/libheimdal-asn1.dylib
0x0000000004cf3000 	/System/Library/Frameworks/OpenDirectory.framework/Versions/A/OpenDirectory
0x0000000004cf3000 	/System/Library/PrivateFrameworks/CommonAuth.framework/Versions/A/CommonAuth
0x0000000004cf3000 	/System/Library/Frameworks/OpenDirectory.framework/Versions/A/Frameworks/CFOpenDirectory.framework/Versions/A/CFOpenDirectory
0x0000000004cf3000 	/System/Library/Frameworks/SecurityFoundation.framework/Versions/A/SecurityFoundation
0x0000000004cf3000 	/System/Library/PrivateFrameworks/APFS.framework/Versions/A/APFS
0x0000000004cf3000 	/usr/lib/libutil.dylib
0x0000000004cf3000 	/System/Library/PrivateFrameworks/AppleSauce.framework/Versions/A/AppleSauce
0x0000000004cf3000 	/System/Library/PrivateFrameworks/LinguisticData.framework/Versions/A/LinguisticData
0x0000000004cf3000 	/usr/lib/libmarisa.dylib
0x0000000004cf3000 	/System/Library/PrivateFrameworks/Lexicon.framework/Versions/A/Lexicon
0x0000000004cf3000 	/usr/lib/libChineseTokenizer.dylib
0x0000000004cf3000 	/usr/lib/libcmph.dylib
0x0000000004cf3000 	/System/Library/PrivateFrameworks/LanguageModeling.framework/Versions/A/LanguageModeling
0x0000000004cf3000 	/System/Library/PrivateFrameworks/CoreEmoji.framework/Versions/A/CoreEmoji
0x0000000004cf3000 	/System/Library/Frameworks/ServiceManagement.framework/Versions/A/ServiceManagement
0x0000000004cf3000 	/System/Library/PrivateFrameworks/BackgroundTaskManagement.framework/Versions/A/BackgroundTaskManagement
0x0000000004cf3000 	/usr/lib/libxslt.1.dylib
0x0000000004cf3000 	/System/Library/Frameworks/Carbon.framework/Versions/A/Frameworks/Ink.framework/Versions/A/Ink
0x0000000004cf3000 	/System/Library/PrivateFrameworks/TextureIO.framework/Versions/A/TextureIO
0x0000000004cf3000 	/usr/lib/libate.dylib
0x0000000004cf3000 	/System/Library/PrivateFrameworks/CrashReporterSupport.framework/Versions/A/CrashReporterSupport
0x0000000004cf3000 	/System/Library/PrivateFrameworks/Sharing.framework/Versions/A/Sharing
0x0000000004cf3000 	/System/Library/PrivateFrameworks/IconServices.framework/Versions/A/IconServices
0x0000000004cf3000 	/System/Library/PrivateFrameworks/AuthKit.framework/Versions/A/AuthKit
0x0000000004cf3000 	/System/Library/PrivateFrameworks/Apple80211.framework/Versions/A/Apple80211
0x0000000004cf3000 	/System/Library/PrivateFrameworks/CoreUtils.framework/Versions/A/CoreUtils
0x0000000004cf3000 	/System/Library/Frameworks/CoreWLAN.framework/Versions/A/CoreWLAN
0x0000000004cf3000 	/System/Library/Frameworks/IOBluetooth.framework/Versions/A/IOBluetooth
0x0000000004cf3000 	/System/Library/PrivateFrameworks/ProtocolBuffer.framework/Versions/A/ProtocolBuffer
0x0000000004cf3000 	/System/Library/PrivateFrameworks/MobileKeyBag.framework/Versions/A/MobileKeyBag
0x0000000004cf3000 	/System/Library/PrivateFrameworks/CorePhoneNumbers.framework/Versions/A/CorePhoneNumbers
0x0000000004cf3000 	/System/Library/PrivateFrameworks/AppleIDAuthSupport.framework/Versions/A/AppleIDAuthSupport
0x0000000004cf3000 	/System/Library/PrivateFrameworks/KeychainCircle.framework/Versions/A/KeychainCircle
0x0000000004cf3000 	/System/Library/PrivateFrameworks/CoreWiFi.framework/Versions/A/CoreWiFi
0x0000000004cf3000 	/System/Library/Frameworks/CoreBluetooth.framework/Versions/A/CoreBluetooth
0x0000000004cf3000 	/System/Library/PrivateFrameworks/DebugSymbols.framework/Versions/A/DebugSymbols
0x0000000004cf3000 	/System/Library/PrivateFrameworks/CoreSymbolication.framework/Versions/A/CoreSymbolication
0x0000000004cf3000 	/System/Library/PrivateFrameworks/Symbolication.framework/Versions/A/Symbolication
0x0000000004cf3000 	/System/Library/PrivateFrameworks/AppleFSCompression.framework/Versions/A/AppleFSCompression
0x0000000004cf3000 	/System/Library/PrivateFrameworks/SpeechRecognitionCore.framework/Versions/A/SpeechRecognitionCore
0x000000010e400000 	/Applications/Android Studio.app/Contents/jre/jdk/Contents/Home/jre/lib/server/libjvm.dylib
0x0000000004cf3000 	/usr/lib/libstdc++.6.0.9.dylib
0x000000010dae1000 	/Applications/Android Studio.app/Contents/jre/jdk/Contents/Home/jre/lib/libverify.dylib
0x000000010daed000 	/Applications/Android Studio.app/Contents/jre/jdk/Contents/Home/jre/lib/libjava.dylib
0x000000010db6b000 	/Applications/Android Studio.app/Contents/jre/jdk/Contents/Home/jre/lib/libzip.dylib
0x0000000114b39000 	/Applications/Android Studio.app/Contents/jre/jdk/Contents/Home/jre/lib/libnet.dylib
0x0000000114b98000 	/Applications/Android Studio.app/Contents/jre/jdk/Contents/Home/jre/lib/libnio.dylib
0x0000000114ba8000 	/Users/user/.gradle/native/25/osx-amd64/libnative-platform.dylib
0x0000000114f41000 	/Applications/Android Studio.app/Contents/jre/jdk/Contents/Home/jre/lib/libmanagement.dylib
0x0000000115371000 	/Applications/Android Studio.app/Contents/jre/jdk/Contents/Home/jre/lib/libsunec.dylib
0x0000000115cd3000 	/Applications/Android Studio.app/Contents/jre/jdk/Contents/Home/jre/lib/libawt.dylib
0x000000011892e000 	/Applications/Android Studio.app/Contents/jre/jdk/Contents/Home/jre/lib/./libmlib_image.dylib
0x0000000004cf3000 	/System/Library/Frameworks/JavaVM.framework/Versions/A/Frameworks/JavaNativeFoundation.framework/Versions/A/JavaNativeFoundation
0x0000000004cf3000 	/System/Library/Frameworks/JavaVM.framework/Versions/A/Frameworks/JavaRuntimeSupport.framework/Versions/A/JavaRuntimeSupport
0x0000000004cf3000 	/System/Library/Frameworks/JavaVM.framework/Versions/A/JavaVM
0x0000000004cf3000 	/System/Library/PrivateFrameworks/JavaLaunching.framework/Versions/A/JavaLaunching
0x0000000004cf3000 	/System/Library/Frameworks/Carbon.framework/Versions/A/Carbon
0x0000000004cf3000 	/System/Library/Frameworks/Carbon.framework/Versions/A/Frameworks/CommonPanels.framework/Versions/A/CommonPanels
0x0000000004cf3000 	/System/Library/Frameworks/Carbon.framework/Versions/A/Frameworks/Help.framework/Versions/A/Help
0x0000000004cf3000 	/System/Library/Frameworks/Carbon.framework/Versions/A/Frameworks/ImageCapture.framework/Versions/A/ImageCapture
0x0000000004cf3000 	/System/Library/Frameworks/Carbon.framework/Versions/A/Frameworks/OpenScripting.framework/Versions/A/OpenScripting
0x0000000004cf3000 	/System/Library/Frameworks/Carbon.framework/Versions/A/Frameworks/Print.framework/Versions/A/Print
0x0000000004cf3000 	/System/Library/Frameworks/Carbon.framework/Versions/A/Frameworks/SecurityHI.framework/Versions/A/SecurityHI
0x000000011781e000 	/Applications/Android Studio.app/Contents/jre/jdk/Contents/Home/jre/lib/libawt_lwawt.dylib
0x0000000114bf1000 	/Applications/Android Studio.app/Contents/jre/jdk/Contents/Home/jre/lib/./libosxapp.dylib
0x0000000004cf3000 	/System/Library/Frameworks/ExceptionHandling.framework/Versions/A/ExceptionHandling

VM Arguments:
jvm_args: -Xmx1536m -Dfile.encoding=UTF-8 -Duser.country=BR -Duser.language=pt -Duser.variant 
java_command: org.gradle.launcher.daemon.bootstrap.GradleDaemon 4.4
java_class_path (initial): /Users/user/.gradle/wrapper/dists/gradle-4.4-all/9br9xq1tocpiv8o6njlyu5op1/gradle-4.4/lib/gradle-launcher-4.4.jar
Launcher Type: SUN_STANDARD

Environment Variables:
PATH=/usr/local/bin:/usr/bin:/bin:/usr/sbin:/sbin:/usr/local/git/bin
SHELL=/bin/bash

Signal Handlers:
SIGSEGV: [libjvm.dylib+0x53f567], sa_mask[0]=11111111011111110111111111111111, sa_flags=SA_ONSTACK|SA_RESTART|SA_SIGINFO
SIGBUS: [libjvm.dylib+0x53f567], sa_mask[0]=11111111011111110111111111111111, sa_flags=SA_RESTART|SA_SIGINFO
SIGFPE: [libjvm.dylib+0x437adf], sa_mask[0]=11111111011111110111111111111111, sa_flags=SA_RESTART|SA_SIGINFO
SIGPIPE: [libjvm.dylib+0x437adf], sa_mask[0]=11111111011111110111111111111111, sa_flags=SA_RESTART|SA_SIGINFO
SIGXFSZ: [libjvm.dylib+0x437adf], sa_mask[0]=11111111011111110111111111111111, sa_flags=SA_RESTART|SA_SIGINFO
SIGILL: [libjvm.dylib+0x437adf], sa_mask[0]=11111111011111110111111111111111, sa_flags=SA_RESTART|SA_SIGINFO
SIGUSR1: SIG_DFL, sa_mask[0]=00000000000000000000000000000000, sa_flags=none
SIGUSR2: [libjvm.dylib+0x438404], sa_mask[0]=00100000000000000000000000000000, sa_flags=SA_RESTART|SA_SIGINFO
SIGHUP: [libjvm.dylib+0x4365f9], sa_mask[0]=11111111011111110111111111111111, sa_flags=SA_RESTART|SA_SIGINFO
SIGINT: [libjvm.dylib+0x4365f9], sa_mask[0]=11111111011111110111111111111111, sa_flags=SA_RESTART|SA_SIGINFO
SIGTERM: [libjvm.dylib+0x4365f9], sa_mask[0]=11111111011111110111111111111111, sa_flags=SA_RESTART|SA_SIGINFO
SIGQUIT: [libjvm.dylib+0x4365f9], sa_mask[0]=11111111011111110111111111111111, sa_flags=SA_RESTART|SA_SIGINFO


---------------  S Y S T E M  ---------------

OS:Bsduname:Darwin 17.7.0 Darwin Kernel Version 17.7.0: Thu Jun 21 22:53:14 PDT 2018; root:xnu-4570.71.2~1/RELEASE_X86_64 x86_64
rlimit: STACK 8192k, CORE 0k, NPROC 709, NOFILE 10240, AS infinity
load average:4.27 4.19 4.00

CPU:total 4 (initial active 4) (2 cores per cpu, 2 threads per core) family 6 model 37 stepping 5, cmov, cx8, fxsr, mmx, sse, sse2, sse3, ssse3, sse4.1, sse4.2, popcnt, aes, clmul, ht, tsc, tscinvbit

Memory: 4k page, physical 8388608k(61584k free)

/proc/meminfo:


vm_info: OpenJDK 64-Bit Server VM (25.152-b01) for bsd-amd64 JRE (1.8.0_152-release-1024-b01), built by "builder" with gcc 4.2.1 Compatible Apple LLVM 8.1.0 (clang-802.0.42)

time: Thu Aug 23 12:07:14 2018
elapsed time: 4266 seconds (0d 1h 11m 6s)

